{
  "stats": {
    "suites": 1,
    "tests": 1,
    "passes": 1,
    "pending": 0,
    "failures": 0,
    "start": "2023-03-15T17:29:45.241Z",
    "end": "2023-03-15T17:30:23.094Z",
    "duration": 37853,
    "testsRegistered": 1,
    "passPercent": 100,
    "pendingPercent": 0,
    "other": 0,
    "hasOther": false,
    "skipped": 0,
    "hasSkipped": false
  },
  "results": [
    {
      "uuid": "881c166f-32bb-4b0a-8d0e-7cdb423ec79f",
      "title": "",
      "fullFile": "cypress/e2e/youtubelogin.cy.js",
      "file": "cypress/e2e/youtubelogin.cy.js",
      "beforeHooks": [],
      "afterHooks": [],
      "tests": [],
      "suites": [
        {
          "uuid": "d44503d2-42f8-4fbe-bc0b-c35609d7b447",
          "title": "Login the site",
          "fullFile": "",
          "file": "",
          "beforeHooks": [],
          "afterHooks": [],
          "tests": [
            {
              "title": "Login",
              "fullTitle": "Login the site Login",
              "timedOut": null,
              "duration": 35151,
              "state": "passed",
              "speed": "slow",
              "pass": true,
              "fail": false,
              "pending": false,
              "context": null,
              "code": "cy.clearCookies;\ncy.visit('https://www.youtube.com/', {\n  headers: {\n    'User-Agent': 'Mozilla/5.0 (Windows NT 10.0; Win64; x64) AppleWebKit/537.36 (KHTML, like Gecko) Chrome/58.0.3029.110 Safari/537.36',\n    'Accept-Language': 'en'\n  },\n  failOnStatusCode: false\n});\ncy.contains('Sign in').click();\ncy.origin('https://accounts.google.com/signin', () => {\n  cy.visit('/challenge', {\n    failOnStatusCode: false\n  });\n  cy.get('[type=\"email\"]').type('north.west2125@gmail.com');\n  cy.get('#identifierNext').click();\n  cy.get('[type=\"password\"]').type('Gnarnia@25');\n  cy.get('#passwordNext').click();\n});\ncy.visit('https://www.youtube.com/');\ncy.contains('Home').should('be.visible');\ncy.get('input[id=\"search').type('python for beginers');\ncy.get('#search-icon-legacy > yt-icon.style-scope').click();\ncy.get('.style-scope ytd-video-renderer:nth-child(3)').click();\ncy.get('#segmented-like-button').click();",
              "err": {},
              "uuid": "ab81bac2-3737-4f58-a9c8-339cd6a11946",
              "parentUUID": "d44503d2-42f8-4fbe-bc0b-c35609d7b447",
              "isHook": false,
              "skipped": false
            }
          ],
          "suites": [],
          "passes": [
            "ab81bac2-3737-4f58-a9c8-339cd6a11946"
          ],
          "failures": [],
          "pending": [],
          "skipped": [],
          "duration": 35151,
          "root": false,
          "rootEmpty": false,
          "_timeout": 2000
        }
      ],
      "passes": [],
      "failures": [],
      "pending": [],
      "skipped": [],
      "duration": 0,
      "root": true,
      "rootEmpty": true,
      "_timeout": 2000
    }
  ],
  "meta": {
    "mocha": {
      "version": "7.0.1"
    },
    "mochawesome": {
      "options": {
        "quiet": false,
        "reportFilename": "mochawesome",
        "saveHtml": true,
        "saveJson": true,
        "consoleReporter": "spec",
        "useInlineDiffs": false,
        "code": true
      },
      "version": "7.1.3"
    },
    "marge": {
      "options": null,
      "version": "6.2.0"
    }
  }
}